Build started 2/12/2011 9:58:15 PM.
     1>Project "C:\Users\jmcdonne\Desktop\cis 1610\projects\mcdonnell_john-chapter4\mcdonnell_john-chapter4\mcdonnell_john-chapter4\mcdonnell_john-chapter4.vcxproj" on node 2 (build target(s)).
     1>InitializeBuildStatus:
         Creating "Debug\mcdonnell_john-chapter4.unsuccessfulbuild" because "AlwaysCreate" was specified.
       ClCompile:
         C:\Program Files\Microsoft Visual Studio 10.0\VC\bin\CL.exe /c /ZI /nologo /W3 /WX- /Od /Oy- /D WIN32 /D _DEBUG /D _CONSOLE /D _UNICODE /D UNICODE /Gm /EHsc /RTC1 /MDd /GS /fp:precise /Zc:wchar_t /Zc:forScope /Fo"Debug\\" /Fd"Debug\vc100.pdb" /Gd /TP /analyze- /errorReport:prompt "mcdonnell_john-chapter4.cpp"
         mcdonnell_john-chapter4.cpp
       ManifestResourceCompile:
         All outputs are up-to-date.
       Link:
         C:\Program Files\Microsoft Visual Studio 10.0\VC\bin\link.exe /ERRORREPORT:PROMPT /OUT:"C:\Users\jmcdonne\Desktop\cis 1610\projects\mcdonnell_john-chapter4\mcdonnell_john-chapter4\Debug\mcdonnell_john-chapter4.exe" /INCREMENTAL /NOLOGO kernel32.lib user32.lib gdi32.lib winspool.lib comdlg32.lib advapi32.lib shell32.lib ole32.lib oleaut32.lib uuid.lib odbc32.lib odbccp32.lib /MANIFEST /ManifestFile:"Debug\mcdonnell_john-chapter4.exe.intermediate.manifest" /MANIFESTUAC:"level='asInvoker' uiAccess='false'" /DEBUG /PDB:"C:\Users\jmcdonne\Desktop\cis 1610\projects\mcdonnell_john-chapter4\mcdonnell_john-chapter4\Debug\mcdonnell_john-chapter4.pdb" /SUBSYSTEM:CONSOLE /TLBID:1 /DYNAMICBASE /NXCOMPAT /IMPLIB:"C:\Users\jmcdonne\Desktop\cis 1610\projects\mcdonnell_john-chapter4\mcdonnell_john-chapter4\Debug\mcdonnell_john-chapter4.lib" /MACHINE:X86 "Debug\mcdonnell_john-chapter4.exe.embed.manifest.res"
         "Debug\mcdonnell_john-chapter4.obj"
       Manifest:
         C:\Program Files\Microsoft SDKs\Windows\v7.0A\bin\mt.exe /nologo /verbose /out:"Debug\mcdonnell_john-chapter4.exe.embed.manifest" /manifest "Debug\mcdonnell_john-chapter4.exe.intermediate.manifest"
         All outputs are up-to-date.
       LinkEmbedManifest:
         All outputs are up-to-date.
         mcdonnell_john-chapter4.vcxproj -> C:\Users\jmcdonne\Desktop\cis 1610\projects\mcdonnell_john-chapter4\mcdonnell_john-chapter4\Debug\mcdonnell_john-chapter4.exe
       FinalizeBuildStatus:
         Deleting file "Debug\mcdonnell_john-chapter4.unsuccessfulbuild".
         Touching "Debug\mcdonnell_john-chapter4.lastbuildstate".
     1>Done Building Project "C:\Users\jmcdonne\Desktop\cis 1610\projects\mcdonnell_john-chapter4\mcdonnell_john-chapter4\mcdonnell_john-chapter4\mcdonnell_john-chapter4.vcxproj" (build target(s)).

Build succeeded.

Time Elapsed 00:00:02.25
