Build started 5/30/2011 10:56:35 PM.
     1>Project "C:\Users\jmcdonne\Documents\Desktop\school\spring 2011\CIS1610\projects\mcdonnell_john-final\mcdonnell_john-final\mcdonnell_john-final\mcdonnell_john-final.vcxproj" on node 2 (build target(s)).
     1>InitializeBuildStatus:
         Creating "Debug\mcdonnell_john-final.unsuccessfulbuild" because "AlwaysCreate" was specified.
       ClCompile:
         C:\Program Files\Microsoft Visual Studio 10.0\VC\bin\CL.exe /c /ZI /nologo /W3 /WX- /Od /Oy- /D _MBCS /Gm /EHsc /RTC1 /MDd /GS /fp:precise /Zc:wchar_t /Zc:forScope /Fo"Debug\\" /Fd"Debug\vc100.pdb" /Gd /TP /analyze- /errorReport:prompt carLoan.cpp driver.cpp
         driver.cpp
         carLoan.cpp
     1>c:\users\jmcdonne\documents\desktop\school\spring 2011\cis1610\projects\mcdonnell_john-final\mcdonnell_john-final\mcdonnell_john-final\carloan.cpp(9): warning C4067: unexpected tokens following preprocessor directive - expected a newline
     1>c:\users\jmcdonne\documents\desktop\school\spring 2011\cis1610\projects\mcdonnell_john-final\mcdonnell_john-final\mcdonnell_john-final\carloan.cpp(197): warning C4244: '=' : conversion from 'double' to 'float', possible loss of data
     1>c:\users\jmcdonne\documents\desktop\school\spring 2011\cis1610\projects\mcdonnell_john-final\mcdonnell_john-final\mcdonnell_john-final\carloan.cpp(205): warning C4244: '=' : conversion from 'double' to 'float', possible loss of data
     1>c:\users\jmcdonne\documents\desktop\school\spring 2011\cis1610\projects\mcdonnell_john-final\mcdonnell_john-final\mcdonnell_john-final\carloan.cpp(217): warning C4244: '=' : conversion from 'double' to 'float', possible loss of data
         Generating Code...
       Link:
         C:\Program Files\Microsoft Visual Studio 10.0\VC\bin\link.exe /ERRORREPORT:PROMPT /OUT:"C:\Users\jmcdonne\Documents\Desktop\school\spring 2011\CIS1610\projects\mcdonnell_john-final\mcdonnell_john-final\Debug\mcdonnell_john-final.exe" /NOLOGO kernel32.lib user32.lib gdi32.lib winspool.lib comdlg32.lib advapi32.lib shell32.lib ole32.lib oleaut32.lib uuid.lib odbc32.lib odbccp32.lib /MANIFEST /ManifestFile:"Debug\mcdonnell_john-final.exe.intermediate.manifest" /MANIFESTUAC:"level='asInvoker' uiAccess='false'" /DEBUG /PDB:"C:\Users\jmcdonne\Documents\Desktop\school\spring 2011\CIS1610\projects\mcdonnell_john-final\mcdonnell_john-final\Debug\mcdonnell_john-final.pdb" /TLBID:1 /DYNAMICBASE /NXCOMPAT /IMPLIB:"C:\Users\jmcdonne\Documents\Desktop\school\spring 2011\CIS1610\projects\mcdonnell_john-final\mcdonnell_john-final\Debug\mcdonnell_john-final.lib" /MACHINE:X86 Debug\carLoan.obj
         Debug\driver.obj
         LINK : C:\Users\jmcdonne\Documents\Desktop\school\spring 2011\CIS1610\projects\mcdonnell_john-final\mcdonnell_john-final\Debug\mcdonnell_john-final.exe not found or not built by the last incremental link; performing full link
         mcdonnell_john-final.vcxproj -> C:\Users\jmcdonne\Documents\Desktop\school\spring 2011\CIS1610\projects\mcdonnell_john-final\mcdonnell_john-final\Debug\mcdonnell_john-final.exe
       Manifest:
         C:\Program Files\Microsoft SDKs\Windows\v7.0A\bin\mt.exe /nologo /verbose /outputresource:"C:\Users\jmcdonne\Documents\Desktop\school\spring 2011\CIS1610\projects\mcdonnell_john-final\mcdonnell_john-final\Debug\mcdonnell_john-final.exe;#1" /manifest "Debug\mcdonnell_john-final.exe.intermediate.manifest"
       FinalizeBuildStatus:
         Deleting file "Debug\mcdonnell_john-final.unsuccessfulbuild".
         Touching "Debug\mcdonnell_john-final.lastbuildstate".
     1>Done Building Project "C:\Users\jmcdonne\Documents\Desktop\school\spring 2011\CIS1610\projects\mcdonnell_john-final\mcdonnell_john-final\mcdonnell_john-final\mcdonnell_john-final.vcxproj" (build target(s)).

Build succeeded.

Time Elapsed 00:00:02.69
