Build started 4/24/2011 9:12:36 PM.
     1>Project "C:\Users\jmcdonne\Desktop\CIS1610\projects\mcdonnell_john-chapter12\mcdonnell_john-chapter12\mcdonnell_john-chapter12\mcdonnell_john-chapter12.vcxproj" on node 2 (build target(s)).
     1>InitializeBuildStatus:
         Creating "Debug\mcdonnell_john-chapter12.unsuccessfulbuild" because "AlwaysCreate" was specified.
       ClCompile:
         C:\Program Files\Microsoft Visual Studio 10.0\VC\bin\CL.exe /c /ZI /nologo /W3 /WX- /Od /Oy- /D _MBCS /Gm /EHsc /RTC1 /MDd /GS /fp:precise /Zc:wchar_t /Zc:forScope /Fo"Debug\\" /Fd"Debug\vc100.pdb" /Gd /TP /analyze- /errorReport:prompt classClient.cpp
         classClient.cpp
       Link:
         C:\Program Files\Microsoft Visual Studio 10.0\VC\bin\link.exe /ERRORREPORT:PROMPT /OUT:"C:\Users\jmcdonne\Desktop\CIS1610\projects\mcdonnell_john-chapter12\mcdonnell_john-chapter12\Debug\mcdonnell_john-chapter12.exe" /NOLOGO kernel32.lib user32.lib gdi32.lib winspool.lib comdlg32.lib advapi32.lib shell32.lib ole32.lib oleaut32.lib uuid.lib odbc32.lib odbccp32.lib /MANIFEST /ManifestFile:"Debug\mcdonnell_john-chapter12.exe.intermediate.manifest" /MANIFESTUAC:"level='asInvoker' uiAccess='false'" /DEBUG /PDB:"C:\Users\jmcdonne\Desktop\CIS1610\projects\mcdonnell_john-chapter12\mcdonnell_john-chapter12\Debug\mcdonnell_john-chapter12.pdb" /TLBID:1 /DYNAMICBASE /NXCOMPAT /IMPLIB:"C:\Users\jmcdonne\Desktop\CIS1610\projects\mcdonnell_john-chapter12\mcdonnell_john-chapter12\Debug\mcdonnell_john-chapter12.lib" /MACHINE:X86 Debug\classClient.obj
         Debug\minutesSeconds.obj
         LINK : C:\Users\jmcdonne\Desktop\CIS1610\projects\mcdonnell_john-chapter12\mcdonnell_john-chapter12\Debug\mcdonnell_john-chapter12.exe not found or not built by the last incremental link; performing full link
         mcdonnell_john-chapter12.vcxproj -> C:\Users\jmcdonne\Desktop\CIS1610\projects\mcdonnell_john-chapter12\mcdonnell_john-chapter12\Debug\mcdonnell_john-chapter12.exe
       Manifest:
         C:\Program Files\Microsoft SDKs\Windows\v7.0A\bin\mt.exe /nologo /verbose /outputresource:"C:\Users\jmcdonne\Desktop\CIS1610\projects\mcdonnell_john-chapter12\mcdonnell_john-chapter12\Debug\mcdonnell_john-chapter12.exe;#1" /manifest "Debug\mcdonnell_john-chapter12.exe.intermediate.manifest"
       FinalizeBuildStatus:
         Deleting file "Debug\mcdonnell_john-chapter12.unsuccessfulbuild".
         Touching "Debug\mcdonnell_john-chapter12.lastbuildstate".
     1>Done Building Project "C:\Users\jmcdonne\Desktop\CIS1610\projects\mcdonnell_john-chapter12\mcdonnell_john-chapter12\mcdonnell_john-chapter12\mcdonnell_john-chapter12.vcxproj" (build target(s)).

Build succeeded.

Time Elapsed 00:00:01.38
